#
# There is insufficient memory for the Java Runtime Environment to continue.
# Native memory allocation (malloc) failed to allocate 1048576 bytes for AllocateHeap
# Possible reasons:
#   The system is out of physical RAM or swap space
#   The process is running with CompressedOops enabled, and the Java Heap may be blocking the growth of the native heap
# Possible solutions:
#   Reduce memory load on the system
#   Increase physical memory or swap space
#   Check if swap backing store is full
#   Decrease Java heap size (-Xmx/-Xms)
#   Decrease number of Java threads
#   Decrease Java thread stack sizes (-Xss)
#   Set larger code cache with -XX:ReservedCodeCacheSize=
#   JVM is running with Unscaled Compressed Oops mode in which the Java heap is
#     placed in the first 4GB address space. The Java Heap base address is the
#     maximum limit for the native heap growth. Please use -XX:HeapBaseMinAddress
#     to set the Java Heap base and to place the Java Heap above 4GB virtual address.
# This output file may be truncated or incomplete.
#
#  Out of Memory Error (allocation.cpp:44), pid=8484, tid=5536
#
# JRE version:  (17.0.10+7) (build )
# Java VM: OpenJDK 64-Bit Server VM (17.0.10+7, mixed mode, tiered, compressed oops, compressed class ptrs, parallel gc, windows-amd64)
# No core dump will be written. Minidumps are not enabled by default on client versions of Windows
#

---------------  S U M M A R Y ------------

Command Line: --add-modules=ALL-SYSTEM --add-opens=java.base/java.util=ALL-UNNAMED --add-opens=java.base/java.lang=ALL-UNNAMED --add-opens=java.base/sun.nio.fs=ALL-UNNAMED -Declipse.application=org.eclipse.jdt.ls.core.id1 -Dosgi.bundles.defaultStartLevel=4 -Declipse.product=org.eclipse.jdt.ls.core.product -Djava.import.generatesMetadataFilesAtProjectRoot=false -DDetectVMInstallationsJob.disabled=true -Dfile.encoding=utf8 -XX:+UseParallelGC -XX:GCTimeRatio=4 -XX:AdaptiveSizePolicyWeight=90 -Dsun.zip.disableMemoryMapping=true -Xmx1G -Xms100m -Xlog:disable -javaagent:c:\Users\Siddhesh\.vscode\extensions\redhat.java-1.28.1-win32-x64\lombok\lombok-1.18.31.jar c:\Users\Siddhesh\.vscode\extensions\redhat.java-1.28.1-win32-x64\server\plugins\org.eclipse.equinox.launcher_1.6.700.v20231214-2017.jar -configuration c:\Users\Siddhesh\AppData\Roaming\Code\User\globalStorage\redhat.java\1.28.1\config_ss_win -data c:\Users\Siddhesh\AppData\Roaming\Code\User\workspaceStorage\1b863beb8d8076531c6951b56bde0590\redhat.java\ss_ws --stdio

Host: Intel(R) Pentium(R) CPU G2020 @ 2.90GHz, 2 cores, 3G,  Windows 10 , 64 bit Build 19041 (10.0.19041.3031)
Time: Sun Feb 25 09:51:57 2024 Pacific Standard Time elapsed time: 14.414268 seconds (0d 0h 0m 14s)

---------------  T H R E A D  ---------------

Current thread (0x000001f97ec07590):  JavaThread "Unknown thread" [_thread_in_vm, id=5536, stack(0x0000002c7be00000,0x0000002c7bf00000)]

Stack: [0x0000002c7be00000,0x0000002c7bf00000]
Native frames: (J=compiled Java code, j=interpreted, Vv=VM code, C=native code)
V  [jvm.dll+0x67d2c9]
V  [jvm.dll+0x834afa]
V  [jvm.dll+0x8365be]
V  [jvm.dll+0x836c23]
V  [jvm.dll+0x2477ff]
V  [jvm.dll+0xa6c93]
V  [jvm.dll+0x6bae63]
V  [jvm.dll+0x6bb9df]
V  [jvm.dll+0x689a48]
V  [jvm.dll+0x806a7b]
V  [jvm.dll+0x36c774]
V  [jvm.dll+0x7e4e06]
V  [jvm.dll+0x3eff3f]
V  [jvm.dll+0x3f1b71]
C  [jli.dll+0x528f]
C  [ucrtbase.dll+0x21bb2]
C  [KERNEL32.DLL+0x17614]
C  [ntdll.dll+0x526f1]


---------------  P R O C E S S  ---------------

Threads class SMR info:
_java_thread_list=0x00007ffa1c62ee98, length=0, elements={
}

Java Threads: ( => current thread )

Other Threads:
  0x000001f97ec1e9e0 GCTaskThread "GC Thread#0" [stack: 0x0000002c7bf00000,0x0000002c7c000000] [id=6432]

=>0x000001f97ec07590 (exited) JavaThread "Unknown thread" [_thread_in_vm, id=5536, stack(0x0000002c7be00000,0x0000002c7bf00000)]

Threads with active compile tasks:

VM state: not at safepoint (normal execution)

VM Mutex/Monitor currently owned by a thread: None

Heap address: 0x00000000c0000000, size: 1024 MB, Compressed Oops mode: 32-bit

CDS archive(s) not mapped
Compressed class space mapped at: 0x0000000100000000-0x0000000140000000, reserved size: 1073741824
Narrow klass base: 0x0000000000000000, Narrow klass shift: 3, Narrow klass range: 0x140000000

GC Precious Log:
 CPUs: 2 total, 2 available
 Memory: 3794M
 Large Page Support: Disabled
 NUMA Support: Disabled
 Compressed Oops: Enabled (32-bit)
 Alignments: Space 512K, Generation 512K, Heap 2M
 Heap Min Capacity: 100M
 Heap Initial Capacity: 100M
 Heap Max Capacity: 1G
 Pre-touch: Disabled
 Parallel Workers: 2

Heap:
 PSYoungGen      total 29696K, used 512K [0x00000000eab00000, 0x00000000ecc00000, 0x0000000100000000)
  eden space 25600K, 2% used [0x00000000eab00000,0x00000000eab80070,0x00000000ec400000)
  from space 4096K, 0% used [0x00000000ec800000,0x00000000ec800000,0x00000000ecc00000)
  to   space 4096K, 0% used [0x00000000ec400000,0x00000000ec400000,0x00000000ec800000)
 ParOldGen       total 68608K, used 0K [0x00000000c0000000, 0x00000000c4300000, 0x00000000eab00000)
  object space 68608K, 0% used [0x00000000c0000000,0x00000000c0000000,0x00000000c4300000)
 Metaspace       used 1149K, committed 1216K, reserved 1114112K
  class space    used 101K, committed 128K, reserved 1048576K

Card table byte_map: [0x000001f97e5b0000,0x000001f97e7c0000] _byte_map_base: 0x000001f97dfb0000

Marking Bits: (ParMarkBitMap*) 0x00007ffa1c69d7d0
 Begin Bits: [0x000001f911be0000, 0x000001f912be0000)
 End Bits:   [0x000001f912be0000, 0x000001f913be0000)

Polling page: 0x000001f97ca90000

Metaspace:

Usage:
  Non-class:      1.02 MB used.
      Class:    101.05 KB used.
       Both:      1.12 MB used.

Virtual space:
  Non-class space:       64.00 MB reserved,       1.06 MB (  2%) committed,  1 nodes.
      Class space:        1.00 GB reserved,     128.00 KB ( <1%) committed,  1 nodes.
             Both:        1.06 GB reserved,       1.19 MB ( <1%) committed. 

Chunk freelists:
   Non-Class:  12.00 MB
       Class:  15.75 MB
        Both:  27.75 MB

MaxMetaspaceSize: unlimited
CompressedClassSpaceSize: 1.00 GB
Initial GC threshold: 21.00 MB
Current GC threshold: 17179869184.00 GB
CDS: off
MetaspaceReclaimPolicy: balanced
 - commit_granule_bytes: 65536.
 - commit_granule_words: 8192.
 - virtual_space_node_default_size: 8388608.
 - enlarge_chunks_in_place: 1.
 - new_chunks_are_fully_committed: 0.
 - uncommit_free_chunks: 1.
 - use_allocation_guard: 0.
 - handle_deallocations: 1.


Internal statistics:

num_allocs_failed_limit: 0.
num_arena_births: 2.
num_arena_deaths: 0.
num_vsnodes_births: 2.
num_vsnodes_deaths: 0.
num_space_committed: 19.
num_space_uncommitted: 0.
num_chunks_returned_to_freelist: 0.
num_chunks_taken_from_freelist: 3.
num_chunk_merges: 0.
num_chunk_splits: 2.
num_chunks_enlarged: 0.
num_inconsistent_stats: 0.

CodeHeap 'non-profiled nmethods': size=120064Kb used=0Kb max_used=0Kb free=120064Kb
 bounds [0x000001f90a6a0000, 0x000001f90a910000, 0x000001f911be0000]
CodeHeap 'profiled nmethods': size=120000Kb used=0Kb max_used=0Kb free=120000Kb
 bounds [0x000001f902be0000, 0x000001f902e50000, 0x000001f90a110000]
CodeHeap 'non-nmethods': size=5696Kb used=199Kb max_used=352Kb free=5496Kb
 bounds [0x000001f90a110000, 0x000001f90a380000, 0x000001f90a6a0000]
 total_blobs=65 nmethods=0 adapters=47
 compilation: enabled
              stopped_count=0, restarted_count=0
 full_count=0

Compilation events (0 events):
No events

GC Heap History (0 events):
No events

Dll operation events (1 events):
Event: 6.282 Loaded shared library c:\Users\Siddhesh\.vscode\extensions\redhat.java-1.28.1-win32-x64\jre\17.0.10-win32-x86_64\bin\java.dll

Deoptimization events (0 events):
No events

Classes unloaded (0 events):
No events

Classes redefined (0 events):
No events

Internal exceptions (0 events):
No events

VM Operations (0 events):
No events

Events (20 events):
Event: 13.504 loading class java/lang/Long
Event: 13.504 loading class java/lang/Long done
Event: 13.504 loading class java/util/Iterator
Event: 13.576 loading class java/util/Iterator done
Event: 13.576 loading class java/lang/reflect/RecordComponent
Event: 13.576 loading class java/lang/reflect/RecordComponent done
Event: 13.576 loading class jdk/internal/vm/vector/VectorSupport
Event: 13.589 loading class jdk/internal/vm/vector/VectorSupport done
Event: 13.589 loading class jdk/internal/vm/vector/VectorSupport$VectorPayload
Event: 13.589 loading class jdk/internal/vm/vector/VectorSupport$VectorPayload done
Event: 13.589 loading class jdk/internal/vm/vector/VectorSupport$Vector
Event: 13.621 loading class jdk/internal/vm/vector/VectorSupport$Vector done
Event: 13.621 loading class jdk/internal/vm/vector/VectorSupport$VectorMask
Event: 13.621 loading class jdk/internal/vm/vector/VectorSupport$VectorMask done
Event: 13.621 loading class jdk/internal/vm/vector/VectorSupport$VectorShuffle
Event: 13.621 loading class jdk/internal/vm/vector/VectorSupport$VectorShuffle done
Event: 14.023 loading class java/lang/NullPointerException
Event: 14.023 loading class java/lang/NullPointerException done
Event: 14.023 loading class java/lang/ArithmeticException
Event: 14.023 loading class java/lang/ArithmeticException done


Dynamic libraries:
0x00007ff639070000 - 0x00007ff63907e000 	c:\Users\Siddhesh\.vscode\extensions\redhat.java-1.28.1-win32-x64\jre\17.0.10-win32-x86_64\bin\java.exe
0x00007ffa698b0000 - 0x00007ffa69aa8000 	C:\Windows\SYSTEM32\ntdll.dll
0x00007ffa68050000 - 0x00007ffa6810f000 	C:\Windows\System32\KERNEL32.DLL
0x00007ffa67270000 - 0x00007ffa67566000 	C:\Windows\System32\KERNELBASE.dll
0x00007ffa67050000 - 0x00007ffa67150000 	C:\Windows\System32\ucrtbase.dll
0x00007ffa4f9a0000 - 0x00007ffa4f9b7000 	c:\Users\Siddhesh\.vscode\extensions\redhat.java-1.28.1-win32-x64\jre\17.0.10-win32-x86_64\bin\jli.dll
0x00007ffa682d0000 - 0x00007ffa6846d000 	C:\Windows\System32\USER32.dll
0x00007ffa67830000 - 0x00007ffa67852000 	C:\Windows\System32\win32u.dll
0x00007ffa68580000 - 0x00007ffa685ac000 	C:\Windows\System32\GDI32.dll
0x00007ffa67150000 - 0x00007ffa67265000 	C:\Windows\System32\gdi32full.dll
0x00007ffa675e0000 - 0x00007ffa6767d000 	C:\Windows\System32\msvcp_win.dll
0x00007ffa4a860000 - 0x00007ffa4a87b000 	c:\Users\Siddhesh\.vscode\extensions\redhat.java-1.28.1-win32-x64\jre\17.0.10-win32-x86_64\bin\VCRUNTIME140.dll
0x00007ffa5b380000 - 0x00007ffa5b61a000 	C:\Windows\WinSxS\amd64_microsoft.windows.common-controls_6595b64144ccf1df_6.0.19041.1110_none_60b5254171f9507e\COMCTL32.dll
0x00007ffa681c0000 - 0x00007ffa6825e000 	C:\Windows\System32\msvcrt.dll
0x00007ffa685b0000 - 0x00007ffa685e0000 	C:\Windows\System32\IMM32.DLL
0x00007ffa628d0000 - 0x00007ffa628dc000 	c:\Users\Siddhesh\.vscode\extensions\redhat.java-1.28.1-win32-x64\jre\17.0.10-win32-x86_64\bin\vcruntime140_1.dll
0x00007ffa31f30000 - 0x00007ffa31fbd000 	c:\Users\Siddhesh\.vscode\extensions\redhat.java-1.28.1-win32-x64\jre\17.0.10-win32-x86_64\bin\msvcp140.dll
0x00007ffa1bb00000 - 0x00007ffa1c762000 	c:\Users\Siddhesh\.vscode\extensions\redhat.java-1.28.1-win32-x64\jre\17.0.10-win32-x86_64\bin\server\jvm.dll
0x00007ffa67fa0000 - 0x00007ffa6804f000 	C:\Windows\System32\ADVAPI32.dll
0x00007ffa69760000 - 0x00007ffa697fc000 	C:\Windows\System32\sechost.dll
0x00007ffa69560000 - 0x00007ffa69686000 	C:\Windows\System32\RPCRT4.dll
0x00007ffa66a00000 - 0x00007ffa66a4b000 	C:\Windows\SYSTEM32\POWRPROF.dll
0x00007ffa627b0000 - 0x00007ffa627b9000 	C:\Windows\SYSTEM32\WSOCK32.dll
0x00007ffa69800000 - 0x00007ffa6986b000 	C:\Windows\System32\WS2_32.dll
0x00007ffa5b110000 - 0x00007ffa5b137000 	C:\Windows\SYSTEM32\WINMM.dll
0x00007ffa64840000 - 0x00007ffa6484a000 	C:\Windows\SYSTEM32\VERSION.dll
0x00007ffa66970000 - 0x00007ffa66982000 	C:\Windows\SYSTEM32\UMPDC.dll
0x00007ffa64ef0000 - 0x00007ffa64f02000 	C:\Windows\SYSTEM32\kernel.appcore.dll
0x00007ffa584b0000 - 0x00007ffa584ba000 	c:\Users\Siddhesh\.vscode\extensions\redhat.java-1.28.1-win32-x64\jre\17.0.10-win32-x86_64\bin\jimage.dll
0x00007ffa5b190000 - 0x00007ffa5b374000 	C:\Windows\SYSTEM32\DBGHELP.DLL
0x00007ffa5b000000 - 0x00007ffa5b034000 	C:\Windows\SYSTEM32\dbgcore.DLL
0x00007ffa66f90000 - 0x00007ffa67012000 	C:\Windows\System32\bcryptPrimitives.dll
0x00007ffa648e0000 - 0x00007ffa648ee000 	c:\Users\Siddhesh\.vscode\extensions\redhat.java-1.28.1-win32-x64\jre\17.0.10-win32-x86_64\bin\instrument.dll
0x00007ffa648b0000 - 0x00007ffa648d5000 	c:\Users\Siddhesh\.vscode\extensions\redhat.java-1.28.1-win32-x64\jre\17.0.10-win32-x86_64\bin\java.dll
0x00007ffa43b70000 - 0x00007ffa43b88000 	c:\Users\Siddhesh\.vscode\extensions\redhat.java-1.28.1-win32-x64\jre\17.0.10-win32-x86_64\bin\zip.dll

dbghelp: loaded successfully - version: 4.0.5 - missing functions: none
symbol engine: initialized successfully - sym options: 0x614 - pdb path: .;c:\Users\Siddhesh\.vscode\extensions\redhat.java-1.28.1-win32-x64\jre\17.0.10-win32-x86_64\bin;C:\Windows\SYSTEM32;C:\Windows\WinSxS\amd64_microsoft.windows.common-controls_6595b64144ccf1df_6.0.19041.1110_none_60b5254171f9507e;c:\Users\Siddhesh\.vscode\extensions\redhat.java-1.28.1-win32-x64\jre\17.0.10-win32-x86_64\bin\server

VM Arguments:
jvm_args: --add-modules=ALL-SYSTEM --add-opens=java.base/java.util=ALL-UNNAMED --add-opens=java.base/java.lang=ALL-UNNAMED --add-opens=java.base/sun.nio.fs=ALL-UNNAMED -Declipse.application=org.eclipse.jdt.ls.core.id1 -Dosgi.bundles.defaultStartLevel=4 -Declipse.product=org.eclipse.jdt.ls.core.product -Djava.import.generatesMetadataFilesAtProjectRoot=false -DDetectVMInstallationsJob.disabled=true -Dfile.encoding=utf8 -XX:+UseParallelGC -XX:GCTimeRatio=4 -XX:AdaptiveSizePolicyWeight=90 -Dsun.zip.disableMemoryMapping=true -Xmx1G -Xms100m -Xlog:disable -javaagent:c:\Users\Siddhesh\.vscode\extensions\redhat.java-1.28.1-win32-x64\lombok\lombok-1.18.31.jar 
java_command: c:\Users\Siddhesh\.vscode\extensions\redhat.java-1.28.1-win32-x64\server\plugins\org.eclipse.equinox.launcher_1.6.700.v20231214-2017.jar -configuration c:\Users\Siddhesh\AppData\Roaming\Code\User\globalStorage\redhat.java\1.28.1\config_ss_win -data c:\Users\Siddhesh\AppData\Roaming\Code\User\workspaceStorage\1b863beb8d8076531c6951b56bde0590\redhat.java\ss_ws --stdio
java_class_path (initial): c:\Users\Siddhesh\.vscode\extensions\redhat.java-1.28.1-win32-x64\server\plugins\org.eclipse.equinox.launcher_1.6.700.v20231214-2017.jar
Launcher Type: SUN_STANDARD

[Global flags]
    uintx AdaptiveSizePolicyWeight                 = 90                                        {product} {command line}
     intx CICompilerCount                          = 2                                         {product} {ergonomic}
    uintx GCTimeRatio                              = 4                                         {product} {command line}
   size_t InitialHeapSize                          = 104857600                                 {product} {command line}
   size_t MaxHeapSize                              = 1073741824                                {product} {command line}
   size_t MaxNewSize                               = 357564416                                 {product} {ergonomic}
   size_t MinHeapDeltaBytes                        = 524288                                    {product} {ergonomic}
   size_t MinHeapSize                              = 104857600                                 {product} {command line}
   size_t NewSize                                  = 34603008                                  {product} {ergonomic}
    uintx NonNMethodCodeHeapSize                   = 5826188                                {pd product} {ergonomic}
    uintx NonProfiledCodeHeapSize                  = 122916026                              {pd product} {ergonomic}
   size_t OldSize                                  = 70254592                                  {product} {ergonomic}
    uintx ProfiledCodeHeapSize                     = 122916026                              {pd product} {ergonomic}
    uintx ReservedCodeCacheSize                    = 251658240                              {pd product} {ergonomic}
     bool SegmentedCodeCache                       = true                                      {product} {ergonomic}
   size_t SoftMaxHeapSize                          = 1073741824                             {manageable} {ergonomic}
     bool UseCompressedClassPointers               = true                           {product lp64_product} {ergonomic}
     bool UseCompressedOops                        = true                           {product lp64_product} {ergonomic}
     bool UseLargePagesIndividualAllocation        = false                                  {pd product} {ergonomic}
     bool UseParallelGC                            = true                                      {product} {command line}

Logging:
Log output configuration:
 #0: stdout all=off uptime,level,tags
 #1: stderr all=off uptime,level,tags

Environment Variables:
JAVA_HOME=C:\Program Files\OpenLogic\jdk-17.0.9.9-hotspot
PATH=C:\Program Files\Common Files\Oracle\Java\javapath;C:\Program Files\OpenLogic\jdk-17.0.9.9-hotspot\bin;C:\Program Files\OpenLogic\jdk-8.0.382.05-hotspot\bin;C:\Windows\system32;C:\Windows;C:\Windows\System32\Wbem;C:\Windows\System32\WindowsPowerShell\v1.0\;C:\Windows\System32\OpenSSH\;C:\Program Files\MongoDB\Server\6.0\bin;C:\mongosh-1.6.2\bin;C:\xampp\php;C:\ProgramData\ComposerSetup\bin;C:\Program Files\Git\cmd;C:\Users\Siddhesh\AppData\Local\Android\Sdk\platform-tools;C:\Program Files\OpenLogic\jdk-17.0.9.9-hotspot;C:\Program Files\Java\jdk-16.0.2;C:\Program Files\nodejs\;C:\Users\Siddhesh\AppData\Local\Programs\Python\Python39\Scripts\;C:\Users\Siddhesh\AppData\Local\Programs\Python\Python39\;C:\Users\Siddhesh\AppData\Local\jdk-11.0.2\bin;C:\Users\Siddhesh\AppData\Local\Microsoft\WindowsApps;;C:\Users\Siddhesh\AppData\Local\Programs\Microsoft VS Code\bin;C:\Users\Siddhesh\AppData\Roaming\Composer\vendor\bin;C:\Program Files\heroku\bin;C:\Users\Siddhesh\AppData\Roaming\npm
USERNAME=Siddhesh
OS=Windows_NT
PROCESSOR_IDENTIFIER=Intel64 Family 6 Model 58 Stepping 9, GenuineIntel
TMP=C:\Users\Siddhesh\AppData\Local\Temp
TEMP=C:\Users\Siddhesh\AppData\Local\Temp



Periodic native trim disabled


---------------  S Y S T E M  ---------------

OS:
 Windows 10 , 64 bit Build 19041 (10.0.19041.3031)
OS uptime: 0 days 2:12 hours

CPU: total 2 (initial active 2) (2 cores per cpu, 1 threads per core) family 6 model 58 stepping 9 microcode 0x21, cx8, cmov, fxsr, mmx, sse, sse2, sse3, ssse3, sse4.1, sse4.2, popcnt, tsc, tscinvbit, erms, clmul, clflush
Processor Information for all 2 processors :
  Max Mhz: 2900, Current Mhz: 2900, Mhz Limit: 2900

Memory: 4k page, system-wide physical 3794M (633M free)
TotalPageFile size 5714M (AvailPageFile size 214M)
current process WorkingSet (physical memory assigned to process): 15M, peak: 15M
current process commit charge ("private bytes"): 156M, peak: 157M

vm_info: OpenJDK 64-Bit Server VM (17.0.10+7) for windows-amd64 JRE (17.0.10+7), built on Jan 16 2024 23:25:11 by "admin" with MS VC++ 16.10 / 16.11 (VS2019)

END.
