#
# A fatal error has been detected by the Java Runtime Environment:
#
#  EXCEPTION_ACCESS_VIOLATION (0xc0000005) at pc=0x00007ffa648b1be9, pid=9108, tid=5468
#
# JRE version:  (17.0.10+7) (build )
# Java VM: OpenJDK 64-Bit Server VM (17.0.10+7, mixed mode, sharing, tiered, unknown gc, windows-amd64)
# Problematic frame:
# C  [jimage.dll+0x1be9]
#
# No core dump will be written. Minidumps are not enabled by default on client versions of Windows
#
#

---------------  S U M M A R Y ------------

Command Line: 

Host: Intel(R) Pentium(R) CPU G2020 @ 2.90GHz, 2 cores, 3G,  Windows 10 , 64 bit Build 19041 (10.0.19041.3031)
Time: Sun Feb 25 10:10:13 2024 Pacific Standard Time elapsed time: 2.622832 seconds (0d 0h 0m 2s)

---------------  T H R E A D  ---------------

Current thread is native thread

Stack: [0x000000aa81800000,0x000000aa81900000],  sp=0x000000aa818fd6e0,  free space=1013k
Native frames: (J=compiled Java code, j=interpreted, Vv=VM code, C=native code)
C  [jimage.dll+0x1be9]
C  [jimage.dll+0x1d77]
C  [jimage.dll+0x2655]
V  [jvm.dll+0x1f2d9a]
V  [jvm.dll+0xb0abe]
V  [jvm.dll+0x7e48ec]
V  [jvm.dll+0x3eff3f]
V  [jvm.dll+0x3f1b71]
C  [jli.dll+0x528f]
C  [ucrtbase.dll+0x21bb2]
C  [KERNEL32.DLL+0x17614]
C  [ntdll.dll+0x526f1]


siginfo: EXCEPTION_ACCESS_VIOLATION (0xc0000005), reading address 0x000000000001700c


Registers:
RAX=0x0000000000005bfc, RBX=0x000000aa818fd7d1, RCX=0x00007ffa648b6000, RDX=0x0000000000005bfc
RSP=0x000000aa818fd6e0, RBP=0x000000aa818fd7d0, RSI=0x00000000000071c4, RDI=0x000000aa818fd7d0
R8 =0x00007ffa648b4288, R9 =0x000000000000001c, R10=0x00007ffa60960000, R11=0x00007ffa648b6000
R12=0x0000000000000002, R13=0x00000272e587c200, R14=0x000000aa818fe840, R15=0x00007ffa1f097d98
RIP=0x00007ffa648b1be9, EFLAGS=0x0000000000010246


Top of Stack: (sp=0x000000aa818fd6e0)
0x000000aa818fd6e0:   000000aa81557000 0000000000000003
0x000000aa818fd6f0:   00000272e5671788 000000aa818fd850
0x000000aa818fd700:   00000272e5889b50 00007ffa648b1d77
0x000000aa818fd710:   000000000000000b 00000272e5889b50
0x000000aa818fd720:   000000aa818fd771 000000aa818fd850
0x000000aa818fd730:   00000000000006f5 00000272e5870150
0x000000aa818fd740:   00000000000006f5 00000000000006f5
0x000000aa818fd750:   00000000000006f5 00000272d80004dc
0x000000aa818fd760:   00000272e5879490 00007ffa698ce249
0x000000aa818fd770:   00003fbbf1972411 00000003d80004dc
0x000000aa818fd780:   00007ffa1f076830 0000000000000017
0x000000aa818fd790:   00000272e5889b50 000000aa818fe840
0x000000aa818fd7a0:   000000000000000b 00007ffa648b2655
0x000000aa818fd7b0:   000000000000075a 000000000000075a
0x000000aa818fd7c0:   000000000000075a 00000272d80004dc
0x000000aa818fd7d0:   61622e6176616a2f 692f6b646a2f6573
0x000000aa818fd7e0:   2f6c616e7265746e 6f6974706f2f6d76
0x000000aa818fd7f0:   00000272e500736e 00007ffa000003ff
0x000000aa818fd800:   000000000000075a 00000272e598da30
0x000000aa818fd810:   000000000000075a 00007ffa698cead2
0x000000aa818fd820:   00000272e598da20 00000272e5970000
0x000000aa818fd830:   00000272e5870000 00000272e598da20
0x000000aa818fd840:   00000272000003ff 000000000000075a
0x000000aa818fd850:   00000272e5970000 0000027205010004
0x000000aa818fd860:   00000272e5879490 0000000000005e90
0x000000aa818fd870:   00000000000005e9 00000272e5870150
0x000000aa818fd880:   00000272e598da20 00007ffa698be3a9
0x000000aa818fd890:   00000272e5870000 000000aa818fd8e0
0x000000aa818fd8a0:   0000000000000000 0000000000000000
0x000000aa818fd8b0:   0000000000000002 00000272e5970000
0x000000aa818fd8c0:   0000000000000004 00007ffa6706ef82
0x000000aa818fd8d0:   000000aa818fd920 000000aa10000010 

Instructions: (pc=0x00007ffa648b1be9)
0x00007ffa648b1ae9:   48 85 c9 74 1d 80 3d 1b 45 00 00 00 74 06 48 8b
0x00007ffa648b1af9:   53 18 eb 04 48 8b 53 40 e8 ae 0e 00 00 48 83 63
0x00007ffa648b1b09:   48 00 8b 4b 0c 83 f9 ff 74 09 e8 e4 0c 00 00 83
0x00007ffa648b1b19:   4b 0c ff 48 8b 4b 70 48 85 c9 74 0f ba 10 00 00
0x00007ffa648b1b29:   00 e8 fd 0e 00 00 48 83 63 70 00 48 83 c4 20 5b
0x00007ffa648b1b39:   c3 cc cc 40 53 48 83 ec 20 48 8b d9 48 8d 0d d4
0x00007ffa648b1b49:   46 00 00 e8 b3 0c 00 00 83 6b 08 01 75 24 48 8b
0x00007ffa648b1b59:   d3 48 8d 0d b7 44 00 00 e8 22 08 00 00 48 8b cb
0x00007ffa648b1b69:   e8 de fe ff ff ba 78 00 00 00 48 8b cb e8 b1 0e
0x00007ffa648b1b79:   00 00 48 8d 0d 9e 46 00 00 48 83 c4 20 5b e9 80
0x00007ffa648b1b89:   0c 00 00 48 89 5c 24 08 48 89 74 24 10 57 48 83
0x00007ffa648b1b99:   ec 20 41 8b f1 4d 8b c8 48 8b fa 4c 8b d9 4d 85
0x00007ffa648b1ba9:   c0 74 78 85 f6 74 74 44 8a 12 48 8d 5a 01 48 8b
0x00007ffa648b1bb9:   d3 b8 93 01 00 01 eb 12 69 c0 93 01 00 01 41 0f
0x00007ffa648b1bc9:   b6 ca 44 8a 12 33 c1 48 ff c2 45 84 d2 75 e9 4d
0x00007ffa648b1bd9:   8b 03 0f ba f0 1f 33 d2 49 8b cb f7 f6 48 63 c2
0x00007ffa648b1be9:   41 8b 14 81 41 ff 50 08 85 c0 7e 24 8a 0f eb 10
0x00007ffa648b1bf9:   69 c0 93 01 00 01 0f b6 c9 33 c1 8a 0b 48 ff c3
0x00007ffa648b1c09:   84 c9 75 ec 0f ba f0 1f 33 d2 f7 f6 8b c2 eb 0e
0x00007ffa648b1c19:   79 09 83 c9 ff 2b c8 8b c1 eb 03 83 c8 ff 48 8b
0x00007ffa648b1c29:   5c 24 30 48 8b 74 24 38 48 83 c4 20 5f c3 cc 48
0x00007ffa648b1c39:   89 5c 24 08 48 89 74 24 10 57 48 83 ec 20 48 8b
0x00007ffa648b1c49:   f1 48 8d 0d cf 45 00 00 e8 ae 0b 00 00 33 ff 39
0x00007ffa648b1c59:   3d ba 43 00 00 76 24 48 8b 05 b9 43 00 00 48 8b
0x00007ffa648b1c69:   d6 48 8b 1c f8 48 8b 0b e8 64 1e 00 00 85 c0 74
0x00007ffa648b1c79:   2b ff c7 3b 3d 96 43 00 00 72 dc 33 db 48 8d 0d
0x00007ffa648b1c89:   93 45 00 00 e8 7a 0b 00 00 48 8b 74 24 38 48 8b
0x00007ffa648b1c99:   c3 48 8b 5c 24 30 48 83 c4 20 5f c3 ff 43 08 eb
0x00007ffa648b1ca9:   dc cc cc 48 89 5c 24 08 48 89 74 24 10 57 48 83
0x00007ffa648b1cb9:   ec 20 48 8b d9 48 8b f2 48 8b 49 10 49 8b f8 8b
0x00007ffa648b1cc9:   53 30 48 8b 01 ff 50 20 4c 8b 43 50 48 8b d6 48
0x00007ffa648b1cd9:   8b 4b 10 44 8b c8 e8 a8 fe ff ff 83 f8 ff 74 38 



---------------  P R O C E S S  ---------------

VM state: not at safepoint (not fully initialized)

VM Mutex/Monitor currently owned by a thread: None

GC Precious Log:
<Not initialized>


Dynamic libraries:
0x00007ff7803b0000 - 0x00007ff7803be000 	c:\Users\Siddhesh\.vscode\extensions\redhat.java-1.28.1-win32-x64\jre\17.0.10-win32-x86_64\bin\java.exe
0x00007ffa698b0000 - 0x00007ffa69aa8000 	C:\Windows\SYSTEM32\ntdll.dll
0x00007ffa68050000 - 0x00007ffa6810f000 	C:\Windows\System32\KERNEL32.DLL
0x00007ffa67270000 - 0x00007ffa67566000 	C:\Windows\System32\KERNELBASE.dll
0x00007ffa67050000 - 0x00007ffa67150000 	C:\Windows\System32\ucrtbase.dll
0x00007ffa64670000 - 0x00007ffa64687000 	c:\Users\Siddhesh\.vscode\extensions\redhat.java-1.28.1-win32-x64\jre\17.0.10-win32-x86_64\bin\jli.dll
0x00007ffa682d0000 - 0x00007ffa6846d000 	C:\Windows\System32\USER32.dll
0x00007ffa67830000 - 0x00007ffa67852000 	C:\Windows\System32\win32u.dll
0x00007ffa68580000 - 0x00007ffa685ac000 	C:\Windows\System32\GDI32.dll
0x00007ffa67150000 - 0x00007ffa67265000 	C:\Windows\System32\gdi32full.dll
0x00007ffa675e0000 - 0x00007ffa6767d000 	C:\Windows\System32\msvcp_win.dll
0x00007ffa60960000 - 0x00007ffa6097b000 	c:\Users\Siddhesh\.vscode\extensions\redhat.java-1.28.1-win32-x64\jre\17.0.10-win32-x86_64\bin\VCRUNTIME140.dll
0x00007ffa5b380000 - 0x00007ffa5b61a000 	C:\Windows\WinSxS\amd64_microsoft.windows.common-controls_6595b64144ccf1df_6.0.19041.1110_none_60b5254171f9507e\COMCTL32.dll
0x00007ffa681c0000 - 0x00007ffa6825e000 	C:\Windows\System32\msvcrt.dll
0x00007ffa685b0000 - 0x00007ffa685e0000 	C:\Windows\System32\IMM32.DLL
0x00007ffa62970000 - 0x00007ffa6297c000 	c:\Users\Siddhesh\.vscode\extensions\redhat.java-1.28.1-win32-x64\jre\17.0.10-win32-x86_64\bin\vcruntime140_1.dll
0x00007ffa33240000 - 0x00007ffa332cd000 	c:\Users\Siddhesh\.vscode\extensions\redhat.java-1.28.1-win32-x64\jre\17.0.10-win32-x86_64\bin\msvcp140.dll
0x00007ffa1e760000 - 0x00007ffa1f3c2000 	c:\Users\Siddhesh\.vscode\extensions\redhat.java-1.28.1-win32-x64\jre\17.0.10-win32-x86_64\bin\server\jvm.dll
0x00007ffa67fa0000 - 0x00007ffa6804f000 	C:\Windows\System32\ADVAPI32.dll
0x00007ffa69760000 - 0x00007ffa697fc000 	C:\Windows\System32\sechost.dll
0x00007ffa69560000 - 0x00007ffa69686000 	C:\Windows\System32\RPCRT4.dll
0x00007ffa66a00000 - 0x00007ffa66a4b000 	C:\Windows\SYSTEM32\POWRPROF.dll
0x00007ffa627b0000 - 0x00007ffa627b9000 	C:\Windows\SYSTEM32\WSOCK32.dll
0x00007ffa69800000 - 0x00007ffa6986b000 	C:\Windows\System32\WS2_32.dll
0x00007ffa5b110000 - 0x00007ffa5b137000 	C:\Windows\SYSTEM32\WINMM.dll
0x00007ffa64840000 - 0x00007ffa6484a000 	C:\Windows\SYSTEM32\VERSION.dll
0x00007ffa66970000 - 0x00007ffa66982000 	C:\Windows\SYSTEM32\UMPDC.dll
0x00007ffa64ef0000 - 0x00007ffa64f02000 	C:\Windows\SYSTEM32\kernel.appcore.dll
0x00007ffa648b0000 - 0x00007ffa648ba000 	c:\Users\Siddhesh\.vscode\extensions\redhat.java-1.28.1-win32-x64\jre\17.0.10-win32-x86_64\bin\jimage.dll
0x00007ffa5b190000 - 0x00007ffa5b374000 	C:\Windows\SYSTEM32\DBGHELP.DLL
0x00007ffa5b000000 - 0x00007ffa5b034000 	C:\Windows\SYSTEM32\dbgcore.DLL
0x00007ffa66f90000 - 0x00007ffa67012000 	C:\Windows\System32\bcryptPrimitives.dll

dbghelp: loaded successfully - version: 4.0.5 - missing functions: none
symbol engine: initialized successfully - sym options: 0x614 - pdb path: .;c:\Users\Siddhesh\.vscode\extensions\redhat.java-1.28.1-win32-x64\jre\17.0.10-win32-x86_64\bin;C:\Windows\SYSTEM32;C:\Windows\WinSxS\amd64_microsoft.windows.common-controls_6595b64144ccf1df_6.0.19041.1110_none_60b5254171f9507e;c:\Users\Siddhesh\.vscode\extensions\redhat.java-1.28.1-win32-x64\jre\17.0.10-win32-x86_64\bin\server

VM Arguments:
java_command: <unknown>
java_class_path (initial): <not set>
Launcher Type: SUN_STANDARD

[Global flags]
     bool UseLargePagesIndividualAllocation        = false                                  {pd product} {ergonomic}

Logging:
Log output configuration:
 #0: stdout all=warning uptime,level,tags
 #1: stderr all=off uptime,level,tags

Environment Variables:
JAVA_HOME=C:\Program Files\OpenLogic\jdk-17.0.9.9-hotspot
PATH=C:\Program Files\Common Files\Oracle\Java\javapath;C:\Program Files\OpenLogic\jdk-17.0.9.9-hotspot\bin;C:\Program Files\OpenLogic\jdk-8.0.382.05-hotspot\bin;C:\Windows\system32;C:\Windows;C:\Windows\System32\Wbem;C:\Windows\System32\WindowsPowerShell\v1.0\;C:\Windows\System32\OpenSSH\;C:\Program Files\MongoDB\Server\6.0\bin;C:\mongosh-1.6.2\bin;C:\xampp\php;C:\ProgramData\ComposerSetup\bin;C:\Program Files\Git\cmd;C:\Users\Siddhesh\AppData\Local\Android\Sdk\platform-tools;C:\Program Files\OpenLogic\jdk-17.0.9.9-hotspot;C:\Program Files\Java\jdk-16.0.2;C:\Program Files\nodejs\;C:\Users\Siddhesh\AppData\Local\Programs\Python\Python39\Scripts\;C:\Users\Siddhesh\AppData\Local\Programs\Python\Python39\;C:\Users\Siddhesh\AppData\Local\jdk-11.0.2\bin;C:\Users\Siddhesh\AppData\Local\Microsoft\WindowsApps;;C:\Users\Siddhesh\AppData\Local\Programs\Microsoft VS Code\bin;C:\Users\Siddhesh\AppData\Roaming\Composer\vendor\bin;C:\Program Files\heroku\bin;C:\Users\Siddhesh\AppData\Roaming\npm
USERNAME=Siddhesh
OS=Windows_NT
PROCESSOR_IDENTIFIER=Intel64 Family 6 Model 58 Stepping 9, GenuineIntel
TMP=C:\Users\Siddhesh\AppData\Local\Temp
TEMP=C:\Users\Siddhesh\AppData\Local\Temp



Periodic native trim disabled


---------------  S Y S T E M  ---------------

OS:
 Windows 10 , 64 bit Build 19041 (10.0.19041.3031)
OS uptime: 0 days 2:30 hours

CPU: total 2 (initial active 0) 
Processor Information for all 2 processors :
  Max Mhz: 2900, Current Mhz: 1600, Mhz Limit: 2900

Memory: 4k page, system-wide physical 3794M (881M free)
TotalPageFile size 5734M (AvailPageFile size 316M)
current process WorkingSet (physical memory assigned to process): 7M, peak: 7M
current process commit charge ("private bytes"): 3M, peak: 3M

vm_info: OpenJDK 64-Bit Server VM (17.0.10+7) for windows-amd64 JRE (17.0.10+7), built on Jan 16 2024 23:25:11 by "admin" with MS VC++ 16.10 / 16.11 (VS2019)

END.
